<?xml version="1.0" encoding="UTF-8"?>
<testng-results ignored="0" total="1" passed="1" failed="0" skipped="0">
  <reporter-output>
  </reporter-output>
  <suite started-at="2022-02-17T11:58:20 IST" name="Default suite" finished-at="2022-02-17T11:58:20 IST" duration-ms="71">
    <groups>
    </groups>
    <test started-at="2022-02-17T11:58:20 IST" name="Default test" finished-at="2022-02-17T11:58:20 IST" duration-ms="71">
      <class name="myGroupId.Demo.AppTest">
        <test-method signature="shouldAnswerWithTrue()[pri:0, instance:myGroupId.Demo.AppTest@5b03b9fe]" started-at="2022-02-17T11:58:20 IST" name="shouldAnswerWithTrue" finished-at="2022-02-17T11:58:20 IST" duration-ms="13" status="PASS">
          <reporter-output>
          </reporter-output>
        </test-method> <!-- shouldAnswerWithTrue -->
      </class> <!-- myGroupId.Demo.AppTest -->
    </test> <!-- Default test -->
  </suite> <!-- Default suite -->
</testng-results>
